<?xml version="1.0" encoding="UTF-8"?>
<testng-results ignored="0" total="1" passed="1" failed="0" skipped="0">
  <reporter-output>
  </reporter-output>
  <suite started-at="2024-03-29T19:51:54 IST" name="Default suite" finished-at="2024-03-29T19:52:41 IST" duration-ms="46854">
    <groups>
    </groups>
    <test started-at="2024-03-29T19:51:54 IST" name="Default test" finished-at="2024-03-29T19:52:41 IST" duration-ms="46854">
      <class name="eneToEndOfTrello.CreateAndDeleteBoard">
        <test-method is-config="true" signature="executeBeforeClass()[pri:0, instance:eneToEndOfTrello.CreateAndDeleteBoard@59309333]" started-at="2024-03-29T19:51:54 IST" name="executeBeforeClass" finished-at="2024-03-29T19:52:07 IST" duration-ms="12827" status="PASS">
          <reporter-output>
          </reporter-output>
        </test-method> <!-- executeBeforeClass -->
        <test-method signature="oneEndToEndUponTrello()[pri:0, instance:eneToEndOfTrello.CreateAndDeleteBoard@59309333]" started-at="2024-03-29T19:52:07 IST" name="oneEndToEndUponTrello" finished-at="2024-03-29T19:52:38 IST" duration-ms="30354" status="PASS">
          <reporter-output>
          </reporter-output>
        </test-method> <!-- oneEndToEndUponTrello -->
        <test-method is-config="true" signature="executeAfterClass()[pri:0, instance:eneToEndOfTrello.CreateAndDeleteBoard@59309333]" started-at="2024-03-29T19:52:38 IST" name="executeAfterClass" finished-at="2024-03-29T19:52:41 IST" duration-ms="3558" status="PASS">
          <reporter-output>
          </reporter-output>
        </test-method> <!-- executeAfterClass -->
      </class> <!-- eneToEndOfTrello.CreateAndDeleteBoard -->
    </test> <!-- Default test -->
  </suite> <!-- Default suite -->
</testng-results>
